<?xml version="1.0" encoding="UTF-8"?>
<!-- Generated by org.testng.reporters.JUnitXMLReporter -->
<testsuite hostname="DESKTOP-FLR99R7" ignored="0" name="Test" tests="7" failures="0" timestamp="2020-04-16T11:24:48 IST" time="20.677" errors="0">
  <testcase name="verifyTitle" time="0.064" classname="Automation.NewTest"/>
  <testcase name="verifygmailtext" time="0.138" classname="Automation.NewTest"/>
  <testcase name="server1" time="0.006" classname="Automation.soap"/>
  <testcase name="server2" time="0.004" classname="Automation.soap"/>
  <testcase name="server3" time="0.001" classname="Automation.soap"/>
  <testcase name="server4" time="0.006" classname="Automation.soap"/>
  <testcase name="server6" time="0.002" classname="Automation.soap"/>
</testsuite> <!-- Test -->
