<?xml version="1.0" encoding="UTF-8"?>
<!-- Generated by org.testng.reporters.JUnitXMLReporter -->
<testsuite hostname="DESKTOP-FLR99R7" ignored="0" name="Command line test" tests="10" failures="0" timestamp="20 Apr 2020 11:57:39 GMT" time="18.983" errors="0">
  <testcase name="isNotPlaindromeExceptionTest" time="0.007" classname="Automation.AppTest"/>
  <testcase name="isNotPlaindromeTest" time="0.007" classname="Automation.AppTest"/>
  <testcase name="isPlaindromeTest" time="0.0" classname="Automation.AppTest"/>
  <testcase name="verifyTitle" time="0.021" classname="Automation.NewTest"/>
  <testcase name="verifygmailtext" time="0.126" classname="Automation.NewTest"/>
  <testcase name="server1" time="0.001" classname="Automation.soap2Test"/>
  <testcase name="server2" time="0.0" classname="Automation.soap2Test"/>
  <testcase name="server3" time="0.0" classname="Automation.soap2Test"/>
  <testcase name="server4" time="0.0" classname="Automation.soap2Test"/>
  <testcase name="server6" time="0.001" classname="Automation.soap2Test"/>
</testsuite> <!-- Command line test -->
