<?xml version="1.0" encoding="UTF-8"?>
<testng-results skipped="0" failed="0" ignored="0" total="1" passed="1">
  <reporter-output>
  </reporter-output>
  <suite name="Default suite" duration-ms="303" started-at="2020-05-13T07:48:02 IST" finished-at="2020-05-13T07:48:02 IST">
    <groups>
    </groups>
    <test name="Default test" duration-ms="303" started-at="2020-05-13T07:48:02 IST" finished-at="2020-05-13T07:48:02 IST">
      <class name="Automation.Utf_Test">
        <test-method status="PASS" signature="removeascii()[pri:0, instance:Automation.Utf_Test@61f8bee4]" name="removeascii" duration-ms="37" started-at="2020-05-13T07:48:02 IST" finished-at="2020-05-13T07:48:02 IST">
          <reporter-output>
          </reporter-output>
        </test-method> <!-- removeascii -->
      </class> <!-- Automation.Utf_Test -->
    </test> <!-- Default test -->
  </suite> <!-- Default suite -->
</testng-results>
